<?xml version="1.0" encoding="UTF-8"?>
<testsuite xmlns:xsi="http://www.w3.org/2001/XMLSchema-instance" xsi:noNamespaceSchemaLocation="https://maven.apache.org/surefire/maven-surefire-plugin/xsd/surefire-test-report.xsd" name="co.in28minutes.productcatalogueservice.ProductCatalogueServiceApplicationTests" time="1.473" tests="1" errors="1" skipped="0" failures="0">
  <properties>
    <property name="sun.desktop" value="gnome"/>
    <property name="awt.toolkit" value="sun.awt.X11.XToolkit"/>
    <property name="java.specification.version" value="11"/>
    <property name="sun.cpu.isalist" value=""/>
    <property name="sun.jnu.encoding" value="UTF-8"/>
    <property name="java.class.path" value="/home/sunil/in28min/Practice/product-catalogue-service/target/test-classes:/home/sunil/in28min/Practice/product-catalogue-service/target/classes:/home/sunil/maven/Repo/org/springframework/boot/spring-boot-starter-actuator/2.6.2/spring-boot-starter-actuator-2.6.2.jar:/home/sunil/maven/Repo/org/springframework/boot/spring-boot-starter/2.6.2/spring-boot-starter-2.6.2.jar:/home/sunil/maven/Repo/org/springframework/boot/spring-boot-starter-logging/2.6.2/spring-boot-starter-logging-2.6.2.jar:/home/sunil/maven/Repo/ch/qos/logback/logback-classic/1.2.9/logback-classic-1.2.9.jar:/home/sunil/maven/Repo/ch/qos/logback/logback-core/1.2.9/logback-core-1.2.9.jar:/home/sunil/maven/Repo/org/apache/logging/log4j/log4j-to-slf4j/2.17.0/log4j-to-slf4j-2.17.0.jar:/home/sunil/maven/Repo/org/apache/logging/log4j/log4j-api/2.17.0/log4j-api-2.17.0.jar:/home/sunil/maven/Repo/org/slf4j/jul-to-slf4j/1.7.32/jul-to-slf4j-1.7.32.jar:/home/sunil/maven/Repo/jakarta/annotation/jakarta.annotation-api/1.3.5/jakarta.annotation-api-1.3.5.jar:/home/sunil/maven/Repo/org/yaml/snakeyaml/1.29/snakeyaml-1.29.jar:/home/sunil/maven/Repo/org/springframework/boot/spring-boot-actuator-autoconfigure/2.6.2/spring-boot-actuator-autoconfigure-2.6.2.jar:/home/sunil/maven/Repo/org/springframework/boot/spring-boot-actuator/2.6.2/spring-boot-actuator-2.6.2.jar:/home/sunil/maven/Repo/com/fasterxml/jackson/datatype/jackson-datatype-jsr310/2.13.1/jackson-datatype-jsr310-2.13.1.jar:/home/sunil/maven/Repo/io/micrometer/micrometer-core/1.8.1/micrometer-core-1.8.1.jar:/home/sunil/maven/Repo/org/hdrhistogram/HdrHistogram/2.1.12/HdrHistogram-2.1.12.jar:/home/sunil/maven/Repo/org/latencyutils/LatencyUtils/2.0.3/LatencyUtils-2.0.3.jar:/home/sunil/maven/Repo/org/springframework/boot/spring-boot-starter-web/2.6.2/spring-boot-starter-web-2.6.2.jar:/home/sunil/maven/Repo/org/springframework/boot/spring-boot-starter-json/2.6.2/spring-boot-starter-json-2.6.2.jar:/home/sunil/maven/Repo/com/fasterxml/jackson/datatype/jackson-datatype-jdk8/2.13.1/jackson-datatype-jdk8-2.13.1.jar:/home/sunil/maven/Repo/com/fasterxml/jackson/module/jackson-module-parameter-names/2.13.1/jackson-module-parameter-names-2.13.1.jar:/home/sunil/maven/Repo/org/springframework/boot/spring-boot-starter-tomcat/2.6.2/spring-boot-starter-tomcat-2.6.2.jar:/home/sunil/maven/Repo/org/apache/tomcat/embed/tomcat-embed-core/9.0.56/tomcat-embed-core-9.0.56.jar:/home/sunil/maven/Repo/org/apache/tomcat/embed/tomcat-embed-el/9.0.56/tomcat-embed-el-9.0.56.jar:/home/sunil/maven/Repo/org/apache/tomcat/embed/tomcat-embed-websocket/9.0.56/tomcat-embed-websocket-9.0.56.jar:/home/sunil/maven/Repo/org/springframework/spring-web/5.3.14/spring-web-5.3.14.jar:/home/sunil/maven/Repo/org/springframework/spring-beans/5.3.14/spring-beans-5.3.14.jar:/home/sunil/maven/Repo/org/springframework/spring-webmvc/5.3.14/spring-webmvc-5.3.14.jar:/home/sunil/maven/Repo/org/springframework/spring-aop/5.3.14/spring-aop-5.3.14.jar:/home/sunil/maven/Repo/org/springframework/spring-context/5.3.14/spring-context-5.3.14.jar:/home/sunil/maven/Repo/org/springframework/spring-expression/5.3.14/spring-expression-5.3.14.jar:/home/sunil/maven/Repo/org/springframework/cloud/spring-cloud-starter-config/3.1.0/spring-cloud-starter-config-3.1.0.jar:/home/sunil/maven/Repo/org/springframework/cloud/spring-cloud-starter/3.1.0/spring-cloud-starter-3.1.0.jar:/home/sunil/maven/Repo/org/springframework/cloud/spring-cloud-context/3.1.0/spring-cloud-context-3.1.0.jar:/home/sunil/maven/Repo/org/springframework/security/spring-security-crypto/5.6.1/spring-security-crypto-5.6.1.jar:/home/sunil/maven/Repo/org/springframework/cloud/spring-cloud-commons/3.1.0/spring-cloud-commons-3.1.0.jar:/home/sunil/maven/Repo/org/springframework/security/spring-security-rsa/1.0.10.RELEASE/spring-security-rsa-1.0.10.RELEASE.jar:/home/sunil/maven/Repo/org/bouncycastle/bcpkix-jdk15on/1.68/bcpkix-jdk15on-1.68.jar:/home/sunil/maven/Repo/org/bouncycastle/bcprov-jdk15on/1.68/bcprov-jdk15on-1.68.jar:/home/sunil/maven/Repo/org/springframework/cloud/spring-cloud-config-client/3.1.0/spring-cloud-config-client-3.1.0.jar:/home/sunil/maven/Repo/com/fasterxml/jackson/core/jackson-annotations/2.13.1/jackson-annotations-2.13.1.jar:/home/sunil/maven/Repo/org/apache/httpcomponents/httpclient/4.5.13/httpclient-4.5.13.jar:/home/sunil/maven/Repo/org/apache/httpcomponents/httpcore/4.4.15/httpcore-4.4.15.jar:/home/sunil/maven/Repo/commons-codec/commons-codec/1.15/commons-codec-1.15.jar:/home/sunil/maven/Repo/com/fasterxml/jackson/core/jackson-databind/2.13.1/jackson-databind-2.13.1.jar:/home/sunil/maven/Repo/com/fasterxml/jackson/core/jackson-core/2.13.1/jackson-core-2.13.1.jar:/home/sunil/maven/Repo/org/springframework/cloud/spring-cloud-starter-netflix-eureka-client/3.1.0/spring-cloud-starter-netflix-eureka-client-3.1.0.jar:/home/sunil/maven/Repo/org/springframework/cloud/spring-cloud-netflix-eureka-client/3.1.0/spring-cloud-netflix-eureka-client-3.1.0.jar:/home/sunil/maven/Repo/com/netflix/eureka/eureka-client/1.10.17/eureka-client-1.10.17.jar:/home/sunil/maven/Repo/com/netflix/netflix-commons/netflix-eventbus/0.3.0/netflix-eventbus-0.3.0.jar:/home/sunil/maven/Repo/com/netflix/netflix-commons/netflix-infix/0.3.0/netflix-infix-0.3.0.jar:/home/sunil/maven/Repo/commons-jxpath/commons-jxpath/1.3/commons-jxpath-1.3.jar:/home/sunil/maven/Repo/joda-time/joda-time/2.3/joda-time-2.3.jar:/home/sunil/maven/Repo/org/antlr/antlr-runtime/3.4/antlr-runtime-3.4.jar:/home/sunil/maven/Repo/org/antlr/stringtemplate/3.2.1/stringtemplate-3.2.1.jar:/home/sunil/maven/Repo/antlr/antlr/2.7.7/antlr-2.7.7.jar:/home/sunil/maven/Repo/com/google/code/gson/gson/2.8.9/gson-2.8.9.jar:/home/sunil/maven/Repo/org/apache/commons/commons-math/2.2/commons-math-2.2.jar:/home/sunil/maven/Repo/com/thoughtworks/xstream/xstream/1.4.18/xstream-1.4.18.jar:/home/sunil/maven/Repo/io/github/x-stream/mxparser/1.2.2/mxparser-1.2.2.jar:/home/sunil/maven/Repo/xmlpull/xmlpull/1.1.3.1/xmlpull-1.1.3.1.jar:/home/sunil/maven/Repo/javax/ws/rs/jsr311-api/1.1.1/jsr311-api-1.1.1.jar:/home/sunil/maven/Repo/com/netflix/servo/servo-core/0.12.21/servo-core-0.12.21.jar:/home/sunil/maven/Repo/com/google/guava/guava/19.0/guava-19.0.jar:/home/sunil/maven/Repo/commons-configuration/commons-configuration/1.10/commons-configuration-1.10.jar:/home/sunil/maven/Repo/commons-lang/commons-lang/2.6/commons-lang-2.6.jar:/home/sunil/maven/Repo/com/google/inject/guice/4.1.0/guice-4.1.0.jar:/home/sunil/maven/Repo/javax/inject/javax.inject/1/javax.inject-1.jar:/home/sunil/maven/Repo/org/codehaus/jettison/jettison/1.4.0/jettison-1.4.0.jar:/home/sunil/maven/Repo/com/netflix/eureka/eureka-core/1.10.17/eureka-core-1.10.17.jar:/home/sunil/maven/Repo/com/fasterxml/woodstox/woodstox-core/6.2.1/woodstox-core-6.2.1.jar:/home/sunil/maven/Repo/org/codehaus/woodstox/stax2-api/4.2.1/stax2-api-4.2.1.jar:/home/sunil/maven/Repo/org/springframework/cloud/spring-cloud-starter-loadbalancer/3.1.0/spring-cloud-starter-loadbalancer-3.1.0.jar:/home/sunil/maven/Repo/org/springframework/cloud/spring-cloud-loadbalancer/3.1.0/spring-cloud-loadbalancer-3.1.0.jar:/home/sunil/maven/Repo/io/projectreactor/reactor-core/3.4.13/reactor-core-3.4.13.jar:/home/sunil/maven/Repo/org/reactivestreams/reactive-streams/1.0.3/reactive-streams-1.0.3.jar:/home/sunil/maven/Repo/io/projectreactor/addons/reactor-extra/3.4.6/reactor-extra-3.4.6.jar:/home/sunil/maven/Repo/org/springframework/boot/spring-boot-starter-cache/2.6.2/spring-boot-starter-cache-2.6.2.jar:/home/sunil/maven/Repo/org/springframework/spring-context-support/5.3.14/spring-context-support-5.3.14.jar:/home/sunil/maven/Repo/com/stoyanr/evictor/1.0.0/evictor-1.0.0.jar:/home/sunil/maven/Repo/org/springframework/boot/spring-boot-devtools/2.6.2/spring-boot-devtools-2.6.2.jar:/home/sunil/maven/Repo/org/springframework/boot/spring-boot/2.6.2/spring-boot-2.6.2.jar:/home/sunil/maven/Repo/org/springframework/boot/spring-boot-autoconfigure/2.6.2/spring-boot-autoconfigure-2.6.2.jar:/home/sunil/maven/Repo/org/springframework/boot/spring-boot-starter-test/2.6.2/spring-boot-starter-test-2.6.2.jar:/home/sunil/maven/Repo/org/springframework/boot/spring-boot-test/2.6.2/spring-boot-test-2.6.2.jar:/home/sunil/maven/Repo/org/springframework/boot/spring-boot-test-autoconfigure/2.6.2/spring-boot-test-autoconfigure-2.6.2.jar:/home/sunil/maven/Repo/com/jayway/jsonpath/json-path/2.6.0/json-path-2.6.0.jar:/home/sunil/maven/Repo/net/minidev/json-smart/2.4.7/json-smart-2.4.7.jar:/home/sunil/maven/Repo/net/minidev/accessors-smart/2.4.7/accessors-smart-2.4.7.jar:/home/sunil/maven/Repo/org/ow2/asm/asm/9.1/asm-9.1.jar:/home/sunil/maven/Repo/org/slf4j/slf4j-api/1.7.32/slf4j-api-1.7.32.jar:/home/sunil/maven/Repo/jakarta/xml/bind/jakarta.xml.bind-api/2.3.3/jakarta.xml.bind-api-2.3.3.jar:/home/sunil/maven/Repo/jakarta/activation/jakarta.activation-api/1.2.2/jakarta.activation-api-1.2.2.jar:/home/sunil/maven/Repo/org/assertj/assertj-core/3.21.0/assertj-core-3.21.0.jar:/home/sunil/maven/Repo/org/hamcrest/hamcrest/2.2/hamcrest-2.2.jar:/home/sunil/maven/Repo/org/junit/jupiter/junit-jupiter/5.8.2/junit-jupiter-5.8.2.jar:/home/sunil/maven/Repo/org/junit/jupiter/junit-jupiter-api/5.8.2/junit-jupiter-api-5.8.2.jar:/home/sunil/maven/Repo/org/opentest4j/opentest4j/1.2.0/opentest4j-1.2.0.jar:/home/sunil/maven/Repo/org/junit/platform/junit-platform-commons/1.8.2/junit-platform-commons-1.8.2.jar:/home/sunil/maven/Repo/org/apiguardian/apiguardian-api/1.1.2/apiguardian-api-1.1.2.jar:/home/sunil/maven/Repo/org/junit/jupiter/junit-jupiter-params/5.8.2/junit-jupiter-params-5.8.2.jar:/home/sunil/maven/Repo/org/junit/jupiter/junit-jupiter-engine/5.8.2/junit-jupiter-engine-5.8.2.jar:/home/sunil/maven/Repo/org/junit/platform/junit-platform-engine/1.8.2/junit-platform-engine-1.8.2.jar:/home/sunil/maven/Repo/org/mockito/mockito-core/4.0.0/mockito-core-4.0.0.jar:/home/sunil/maven/Repo/net/bytebuddy/byte-buddy/1.11.22/byte-buddy-1.11.22.jar:/home/sunil/maven/Repo/net/bytebuddy/byte-buddy-agent/1.11.22/byte-buddy-agent-1.11.22.jar:/home/sunil/maven/Repo/org/objenesis/objenesis/3.2/objenesis-3.2.jar:/home/sunil/maven/Repo/org/mockito/mockito-junit-jupiter/4.0.0/mockito-junit-jupiter-4.0.0.jar:/home/sunil/maven/Repo/org/skyscreamer/jsonassert/1.5.0/jsonassert-1.5.0.jar:/home/sunil/maven/Repo/com/vaadin/external/google/android-json/0.0.20131108.vaadin1/android-json-0.0.20131108.vaadin1.jar:/home/sunil/maven/Repo/org/springframework/spring-core/5.3.14/spring-core-5.3.14.jar:/home/sunil/maven/Repo/org/springframework/spring-jcl/5.3.14/spring-jcl-5.3.14.jar:/home/sunil/maven/Repo/org/springframework/spring-test/5.3.14/spring-test-5.3.14.jar:/home/sunil/maven/Repo/org/xmlunit/xmlunit-core/2.8.4/xmlunit-core-2.8.4.jar:"/>
    <property name="java.vm.vendor" value="Ubuntu"/>
    <property name="sun.arch.data.model" value="64"/>
    <property name="java.vendor.url" value="https://ubuntu.com/"/>
    <property name="user.timezone" value=""/>
    <property name="java.vm.specification.version" value="11"/>
    <property name="os.name" value="Linux"/>
    <property name="sun.java.launcher" value="SUN_STANDARD"/>
    <property name="user.country" value="IN"/>
    <property name="sun.boot.library.path" value="/usr/lib/jvm/java-11-openjdk-amd64/lib"/>
    <property name="sun.java.command" value="/home/sunil/in28min/Practice/product-catalogue-service/target/surefire/surefirebooter14567070101415348212.jar /home/sunil/in28min/Practice/product-catalogue-service/target/surefire 2021-12-27T07-09-38_766-jvmRun1 surefire1059292330995094830tmp surefire_09231884786004729004tmp"/>
    <property name="jdk.debug" value="release"/>
    <property name="surefire.test.class.path" value="/home/sunil/in28min/Practice/product-catalogue-service/target/test-classes:/home/sunil/in28min/Practice/product-catalogue-service/target/classes:/home/sunil/maven/Repo/org/springframework/boot/spring-boot-starter-actuator/2.6.2/spring-boot-starter-actuator-2.6.2.jar:/home/sunil/maven/Repo/org/springframework/boot/spring-boot-starter/2.6.2/spring-boot-starter-2.6.2.jar:/home/sunil/maven/Repo/org/springframework/boot/spring-boot-starter-logging/2.6.2/spring-boot-starter-logging-2.6.2.jar:/home/sunil/maven/Repo/ch/qos/logback/logback-classic/1.2.9/logback-classic-1.2.9.jar:/home/sunil/maven/Repo/ch/qos/logback/logback-core/1.2.9/logback-core-1.2.9.jar:/home/sunil/maven/Repo/org/apache/logging/log4j/log4j-to-slf4j/2.17.0/log4j-to-slf4j-2.17.0.jar:/home/sunil/maven/Repo/org/apache/logging/log4j/log4j-api/2.17.0/log4j-api-2.17.0.jar:/home/sunil/maven/Repo/org/slf4j/jul-to-slf4j/1.7.32/jul-to-slf4j-1.7.32.jar:/home/sunil/maven/Repo/jakarta/annotation/jakarta.annotation-api/1.3.5/jakarta.annotation-api-1.3.5.jar:/home/sunil/maven/Repo/org/yaml/snakeyaml/1.29/snakeyaml-1.29.jar:/home/sunil/maven/Repo/org/springframework/boot/spring-boot-actuator-autoconfigure/2.6.2/spring-boot-actuator-autoconfigure-2.6.2.jar:/home/sunil/maven/Repo/org/springframework/boot/spring-boot-actuator/2.6.2/spring-boot-actuator-2.6.2.jar:/home/sunil/maven/Repo/com/fasterxml/jackson/datatype/jackson-datatype-jsr310/2.13.1/jackson-datatype-jsr310-2.13.1.jar:/home/sunil/maven/Repo/io/micrometer/micrometer-core/1.8.1/micrometer-core-1.8.1.jar:/home/sunil/maven/Repo/org/hdrhistogram/HdrHistogram/2.1.12/HdrHistogram-2.1.12.jar:/home/sunil/maven/Repo/org/latencyutils/LatencyUtils/2.0.3/LatencyUtils-2.0.3.jar:/home/sunil/maven/Repo/org/springframework/boot/spring-boot-starter-web/2.6.2/spring-boot-starter-web-2.6.2.jar:/home/sunil/maven/Repo/org/springframework/boot/spring-boot-starter-json/2.6.2/spring-boot-starter-json-2.6.2.jar:/home/sunil/maven/Repo/com/fasterxml/jackson/datatype/jackson-datatype-jdk8/2.13.1/jackson-datatype-jdk8-2.13.1.jar:/home/sunil/maven/Repo/com/fasterxml/jackson/module/jackson-module-parameter-names/2.13.1/jackson-module-parameter-names-2.13.1.jar:/home/sunil/maven/Repo/org/springframework/boot/spring-boot-starter-tomcat/2.6.2/spring-boot-starter-tomcat-2.6.2.jar:/home/sunil/maven/Repo/org/apache/tomcat/embed/tomcat-embed-core/9.0.56/tomcat-embed-core-9.0.56.jar:/home/sunil/maven/Repo/org/apache/tomcat/embed/tomcat-embed-el/9.0.56/tomcat-embed-el-9.0.56.jar:/home/sunil/maven/Repo/org/apache/tomcat/embed/tomcat-embed-websocket/9.0.56/tomcat-embed-websocket-9.0.56.jar:/home/sunil/maven/Repo/org/springframework/spring-web/5.3.14/spring-web-5.3.14.jar:/home/sunil/maven/Repo/org/springframework/spring-beans/5.3.14/spring-beans-5.3.14.jar:/home/sunil/maven/Repo/org/springframework/spring-webmvc/5.3.14/spring-webmvc-5.3.14.jar:/home/sunil/maven/Repo/org/springframework/spring-aop/5.3.14/spring-aop-5.3.14.jar:/home/sunil/maven/Repo/org/springframework/spring-context/5.3.14/spring-context-5.3.14.jar:/home/sunil/maven/Repo/org/springframework/spring-expression/5.3.14/spring-expression-5.3.14.jar:/home/sunil/maven/Repo/org/springframework/cloud/spring-cloud-starter-config/3.1.0/spring-cloud-starter-config-3.1.0.jar:/home/sunil/maven/Repo/org/springframework/cloud/spring-cloud-starter/3.1.0/spring-cloud-starter-3.1.0.jar:/home/sunil/maven/Repo/org/springframework/cloud/spring-cloud-context/3.1.0/spring-cloud-context-3.1.0.jar:/home/sunil/maven/Repo/org/springframework/security/spring-security-crypto/5.6.1/spring-security-crypto-5.6.1.jar:/home/sunil/maven/Repo/org/springframework/cloud/spring-cloud-commons/3.1.0/spring-cloud-commons-3.1.0.jar:/home/sunil/maven/Repo/org/springframework/security/spring-security-rsa/1.0.10.RELEASE/spring-security-rsa-1.0.10.RELEASE.jar:/home/sunil/maven/Repo/org/bouncycastle/bcpkix-jdk15on/1.68/bcpkix-jdk15on-1.68.jar:/home/sunil/maven/Repo/org/bouncycastle/bcprov-jdk15on/1.68/bcprov-jdk15on-1.68.jar:/home/sunil/maven/Repo/org/springframework/cloud/spring-cloud-config-client/3.1.0/spring-cloud-config-client-3.1.0.jar:/home/sunil/maven/Repo/com/fasterxml/jackson/core/jackson-annotations/2.13.1/jackson-annotations-2.13.1.jar:/home/sunil/maven/Repo/org/apache/httpcomponents/httpclient/4.5.13/httpclient-4.5.13.jar:/home/sunil/maven/Repo/org/apache/httpcomponents/httpcore/4.4.15/httpcore-4.4.15.jar:/home/sunil/maven/Repo/commons-codec/commons-codec/1.15/commons-codec-1.15.jar:/home/sunil/maven/Repo/com/fasterxml/jackson/core/jackson-databind/2.13.1/jackson-databind-2.13.1.jar:/home/sunil/maven/Repo/com/fasterxml/jackson/core/jackson-core/2.13.1/jackson-core-2.13.1.jar:/home/sunil/maven/Repo/org/springframework/cloud/spring-cloud-starter-netflix-eureka-client/3.1.0/spring-cloud-starter-netflix-eureka-client-3.1.0.jar:/home/sunil/maven/Repo/org/springframework/cloud/spring-cloud-netflix-eureka-client/3.1.0/spring-cloud-netflix-eureka-client-3.1.0.jar:/home/sunil/maven/Repo/com/netflix/eureka/eureka-client/1.10.17/eureka-client-1.10.17.jar:/home/sunil/maven/Repo/com/netflix/netflix-commons/netflix-eventbus/0.3.0/netflix-eventbus-0.3.0.jar:/home/sunil/maven/Repo/com/netflix/netflix-commons/netflix-infix/0.3.0/netflix-infix-0.3.0.jar:/home/sunil/maven/Repo/commons-jxpath/commons-jxpath/1.3/commons-jxpath-1.3.jar:/home/sunil/maven/Repo/joda-time/joda-time/2.3/joda-time-2.3.jar:/home/sunil/maven/Repo/org/antlr/antlr-runtime/3.4/antlr-runtime-3.4.jar:/home/sunil/maven/Repo/org/antlr/stringtemplate/3.2.1/stringtemplate-3.2.1.jar:/home/sunil/maven/Repo/antlr/antlr/2.7.7/antlr-2.7.7.jar:/home/sunil/maven/Repo/com/google/code/gson/gson/2.8.9/gson-2.8.9.jar:/home/sunil/maven/Repo/org/apache/commons/commons-math/2.2/commons-math-2.2.jar:/home/sunil/maven/Repo/com/thoughtworks/xstream/xstream/1.4.18/xstream-1.4.18.jar:/home/sunil/maven/Repo/io/github/x-stream/mxparser/1.2.2/mxparser-1.2.2.jar:/home/sunil/maven/Repo/xmlpull/xmlpull/1.1.3.1/xmlpull-1.1.3.1.jar:/home/sunil/maven/Repo/javax/ws/rs/jsr311-api/1.1.1/jsr311-api-1.1.1.jar:/home/sunil/maven/Repo/com/netflix/servo/servo-core/0.12.21/servo-core-0.12.21.jar:/home/sunil/maven/Repo/com/google/guava/guava/19.0/guava-19.0.jar:/home/sunil/maven/Repo/commons-configuration/commons-configuration/1.10/commons-configuration-1.10.jar:/home/sunil/maven/Repo/commons-lang/commons-lang/2.6/commons-lang-2.6.jar:/home/sunil/maven/Repo/com/google/inject/guice/4.1.0/guice-4.1.0.jar:/home/sunil/maven/Repo/javax/inject/javax.inject/1/javax.inject-1.jar:/home/sunil/maven/Repo/org/codehaus/jettison/jettison/1.4.0/jettison-1.4.0.jar:/home/sunil/maven/Repo/com/netflix/eureka/eureka-core/1.10.17/eureka-core-1.10.17.jar:/home/sunil/maven/Repo/com/fasterxml/woodstox/woodstox-core/6.2.1/woodstox-core-6.2.1.jar:/home/sunil/maven/Repo/org/codehaus/woodstox/stax2-api/4.2.1/stax2-api-4.2.1.jar:/home/sunil/maven/Repo/org/springframework/cloud/spring-cloud-starter-loadbalancer/3.1.0/spring-cloud-starter-loadbalancer-3.1.0.jar:/home/sunil/maven/Repo/org/springframework/cloud/spring-cloud-loadbalancer/3.1.0/spring-cloud-loadbalancer-3.1.0.jar:/home/sunil/maven/Repo/io/projectreactor/reactor-core/3.4.13/reactor-core-3.4.13.jar:/home/sunil/maven/Repo/org/reactivestreams/reactive-streams/1.0.3/reactive-streams-1.0.3.jar:/home/sunil/maven/Repo/io/projectreactor/addons/reactor-extra/3.4.6/reactor-extra-3.4.6.jar:/home/sunil/maven/Repo/org/springframework/boot/spring-boot-starter-cache/2.6.2/spring-boot-starter-cache-2.6.2.jar:/home/sunil/maven/Repo/org/springframework/spring-context-support/5.3.14/spring-context-support-5.3.14.jar:/home/sunil/maven/Repo/com/stoyanr/evictor/1.0.0/evictor-1.0.0.jar:/home/sunil/maven/Repo/org/springframework/boot/spring-boot-devtools/2.6.2/spring-boot-devtools-2.6.2.jar:/home/sunil/maven/Repo/org/springframework/boot/spring-boot/2.6.2/spring-boot-2.6.2.jar:/home/sunil/maven/Repo/org/springframework/boot/spring-boot-autoconfigure/2.6.2/spring-boot-autoconfigure-2.6.2.jar:/home/sunil/maven/Repo/org/springframework/boot/spring-boot-starter-test/2.6.2/spring-boot-starter-test-2.6.2.jar:/home/sunil/maven/Repo/org/springframework/boot/spring-boot-test/2.6.2/spring-boot-test-2.6.2.jar:/home/sunil/maven/Repo/org/springframework/boot/spring-boot-test-autoconfigure/2.6.2/spring-boot-test-autoconfigure-2.6.2.jar:/home/sunil/maven/Repo/com/jayway/jsonpath/json-path/2.6.0/json-path-2.6.0.jar:/home/sunil/maven/Repo/net/minidev/json-smart/2.4.7/json-smart-2.4.7.jar:/home/sunil/maven/Repo/net/minidev/accessors-smart/2.4.7/accessors-smart-2.4.7.jar:/home/sunil/maven/Repo/org/ow2/asm/asm/9.1/asm-9.1.jar:/home/sunil/maven/Repo/org/slf4j/slf4j-api/1.7.32/slf4j-api-1.7.32.jar:/home/sunil/maven/Repo/jakarta/xml/bind/jakarta.xml.bind-api/2.3.3/jakarta.xml.bind-api-2.3.3.jar:/home/sunil/maven/Repo/jakarta/activation/jakarta.activation-api/1.2.2/jakarta.activation-api-1.2.2.jar:/home/sunil/maven/Repo/org/assertj/assertj-core/3.21.0/assertj-core-3.21.0.jar:/home/sunil/maven/Repo/org/hamcrest/hamcrest/2.2/hamcrest-2.2.jar:/home/sunil/maven/Repo/org/junit/jupiter/junit-jupiter/5.8.2/junit-jupiter-5.8.2.jar:/home/sunil/maven/Repo/org/junit/jupiter/junit-jupiter-api/5.8.2/junit-jupiter-api-5.8.2.jar:/home/sunil/maven/Repo/org/opentest4j/opentest4j/1.2.0/opentest4j-1.2.0.jar:/home/sunil/maven/Repo/org/junit/platform/junit-platform-commons/1.8.2/junit-platform-commons-1.8.2.jar:/home/sunil/maven/Repo/org/apiguardian/apiguardian-api/1.1.2/apiguardian-api-1.1.2.jar:/home/sunil/maven/Repo/org/junit/jupiter/junit-jupiter-params/5.8.2/junit-jupiter-params-5.8.2.jar:/home/sunil/maven/Repo/org/junit/jupiter/junit-jupiter-engine/5.8.2/junit-jupiter-engine-5.8.2.jar:/home/sunil/maven/Repo/org/junit/platform/junit-platform-engine/1.8.2/junit-platform-engine-1.8.2.jar:/home/sunil/maven/Repo/org/mockito/mockito-core/4.0.0/mockito-core-4.0.0.jar:/home/sunil/maven/Repo/net/bytebuddy/byte-buddy/1.11.22/byte-buddy-1.11.22.jar:/home/sunil/maven/Repo/net/bytebuddy/byte-buddy-agent/1.11.22/byte-buddy-agent-1.11.22.jar:/home/sunil/maven/Repo/org/objenesis/objenesis/3.2/objenesis-3.2.jar:/home/sunil/maven/Repo/org/mockito/mockito-junit-jupiter/4.0.0/mockito-junit-jupiter-4.0.0.jar:/home/sunil/maven/Repo/org/skyscreamer/jsonassert/1.5.0/jsonassert-1.5.0.jar:/home/sunil/maven/Repo/com/vaadin/external/google/android-json/0.0.20131108.vaadin1/android-json-0.0.20131108.vaadin1.jar:/home/sunil/maven/Repo/org/springframework/spring-core/5.3.14/spring-core-5.3.14.jar:/home/sunil/maven/Repo/org/springframework/spring-jcl/5.3.14/spring-jcl-5.3.14.jar:/home/sunil/maven/Repo/org/springframework/spring-test/5.3.14/spring-test-5.3.14.jar:/home/sunil/maven/Repo/org/xmlunit/xmlunit-core/2.8.4/xmlunit-core-2.8.4.jar:"/>
    <property name="sun.cpu.endian" value="little"/>
    <property name="user.home" value="/home/sunil"/>
    <property name="user.language" value="en"/>
    <property name="java.specification.vendor" value="Oracle Corporation"/>
    <property name="java.version.date" value="2021-10-19"/>
    <property name="java.home" value="/usr/lib/jvm/java-11-openjdk-amd64"/>
    <property name="file.separator" value="/"/>
    <property name="basedir" value="/home/sunil/in28min/Practice/product-catalogue-service"/>
    <property name="java.vm.compressedOopsMode" value="32-bit"/>
    <property name="line.separator" value="&#10;"/>
    <property name="java.specification.name" value="Java Platform API Specification"/>
    <property name="java.vm.specification.vendor" value="Oracle Corporation"/>
    <property name="java.awt.graphicsenv" value="sun.awt.X11GraphicsEnvironment"/>
    <property name="surefire.real.class.path" value="/home/sunil/in28min/Practice/product-catalogue-service/target/surefire/surefirebooter14567070101415348212.jar"/>
    <property name="sun.management.compiler" value="HotSpot 64-Bit Tiered Compilers"/>
    <property name="java.runtime.version" value="11.0.13+8-Ubuntu-0ubuntu1.20.04"/>
    <property name="user.name" value="sunil"/>
    <property name="path.separator" value=":"/>
    <property name="os.version" value="5.11.0-43-generic"/>
    <property name="java.runtime.name" value="OpenJDK Runtime Environment"/>
    <property name="file.encoding" value="UTF-8"/>
    <property name="java.vm.name" value="OpenJDK 64-Bit Server VM"/>
    <property name="localRepository" value="/home/sunil/maven/Repo"/>
    <property name="java.vendor.url.bug" value="https://bugs.launchpad.net/ubuntu/+source/openjdk-lts"/>
    <property name="java.io.tmpdir" value="/tmp"/>
    <property name="java.version" value="11.0.13"/>
    <property name="user.dir" value="/home/sunil/in28min/Practice/product-catalogue-service"/>
    <property name="os.arch" value="amd64"/>
    <property name="java.vm.specification.name" value="Java Virtual Machine Specification"/>
    <property name="java.awt.printerjob" value="sun.print.PSPrinterJob"/>
    <property name="sun.os.patch.level" value="unknown"/>
    <property name="java.library.path" value="/usr/java/packages/lib:/usr/lib/x86_64-linux-gnu/jni:/lib/x86_64-linux-gnu:/usr/lib/x86_64-linux-gnu:/usr/lib/jni:/lib:/usr/lib"/>
    <property name="java.vm.info" value="mixed mode, sharing"/>
    <property name="java.vendor" value="Ubuntu"/>
    <property name="java.vm.version" value="11.0.13+8-Ubuntu-0ubuntu1.20.04"/>
    <property name="sun.io.unicode.encoding" value="UnicodeLittle"/>
    <property name="java.class.version" value="55.0"/>
  </properties>
  <testcase name="contextLoads" classname="co.in28minutes.productcatalogueservice.ProductCatalogueServiceApplicationTests" time="0.011">
    <error message="Failed to load ApplicationContext" type="java.lang.IllegalStateException">java.lang.IllegalStateException: Failed to load ApplicationContext
Caused by: org.springframework.cloud.commons.ConfigDataMissingEnvironmentPostProcessor$ImportException: No spring.config.import set
</error>
    <system-out><![CDATA[07:09:40.340 [main] DEBUG org.springframework.test.context.BootstrapUtils - Instantiating CacheAwareContextLoaderDelegate from class [org.springframework.test.context.cache.DefaultCacheAwareContextLoaderDelegate]
07:09:40.357 [main] DEBUG org.springframework.test.context.BootstrapUtils - Instantiating BootstrapContext using constructor [public org.springframework.test.context.support.DefaultBootstrapContext(java.lang.Class,org.springframework.test.context.CacheAwareContextLoaderDelegate)]
07:09:40.418 [main] DEBUG org.springframework.test.context.BootstrapUtils - Instantiating TestContextBootstrapper for test class [co.in28minutes.productcatalogueservice.ProductCatalogueServiceApplicationTests] from class [org.springframework.boot.test.context.SpringBootTestContextBootstrapper]
07:09:40.434 [main] INFO org.springframework.boot.test.context.SpringBootTestContextBootstrapper - Neither @ContextConfiguration nor @ContextHierarchy found for test class [co.in28minutes.productcatalogueservice.ProductCatalogueServiceApplicationTests], using SpringBootContextLoader
07:09:40.442 [main] DEBUG org.springframework.test.context.support.AbstractContextLoader - Did not detect default resource location for test class [co.in28minutes.productcatalogueservice.ProductCatalogueServiceApplicationTests]: class path resource [co/in28minutes/productcatalogueservice/ProductCatalogueServiceApplicationTests-context.xml] does not exist
07:09:40.443 [main] DEBUG org.springframework.test.context.support.AbstractContextLoader - Did not detect default resource location for test class [co.in28minutes.productcatalogueservice.ProductCatalogueServiceApplicationTests]: class path resource [co/in28minutes/productcatalogueservice/ProductCatalogueServiceApplicationTestsContext.groovy] does not exist
07:09:40.443 [main] INFO org.springframework.test.context.support.AbstractContextLoader - Could not detect default resource locations for test class [co.in28minutes.productcatalogueservice.ProductCatalogueServiceApplicationTests]: no resource found for suffixes {-context.xml, Context.groovy}.
07:09:40.445 [main] INFO org.springframework.test.context.support.AnnotationConfigContextLoaderUtils - Could not detect default configuration classes for test class [co.in28minutes.productcatalogueservice.ProductCatalogueServiceApplicationTests]: ProductCatalogueServiceApplicationTests does not declare any static, non-private, non-final, nested classes annotated with @Configuration.
07:09:40.567 [main] DEBUG org.springframework.test.context.support.ActiveProfilesUtils - Could not find an 'annotation declaring class' for annotation type [org.springframework.test.context.ActiveProfiles] and class [co.in28minutes.productcatalogueservice.ProductCatalogueServiceApplicationTests]
07:09:40.666 [main] DEBUG org.springframework.context.annotation.ClassPathScanningCandidateComponentProvider - Identified candidate component class: file [/home/sunil/in28min/Practice/product-catalogue-service/target/classes/co/in28minutes/productcatalogueservice/ProductCatalogueServiceApplication.class]
07:09:40.667 [main] INFO org.springframework.boot.test.context.SpringBootTestContextBootstrapper - Found @SpringBootConfiguration co.in28minutes.productcatalogueservice.ProductCatalogueServiceApplication for test class co.in28minutes.productcatalogueservice.ProductCatalogueServiceApplicationTests
07:09:40.875 [main] DEBUG org.springframework.boot.test.context.SpringBootTestContextBootstrapper - @TestExecutionListeners is not present for class [co.in28minutes.productcatalogueservice.ProductCatalogueServiceApplicationTests]: using defaults.
07:09:40.876 [main] INFO org.springframework.boot.test.context.SpringBootTestContextBootstrapper - Loaded default TestExecutionListener class names from location [META-INF/spring.factories]: [org.springframework.boot.test.mock.mockito.MockitoTestExecutionListener, org.springframework.boot.test.mock.mockito.ResetMocksTestExecutionListener, org.springframework.boot.test.autoconfigure.restdocs.RestDocsTestExecutionListener, org.springframework.boot.test.autoconfigure.web.client.MockRestServiceServerResetTestExecutionListener, org.springframework.boot.test.autoconfigure.web.servlet.MockMvcPrintOnlyOnFailureTestExecutionListener, org.springframework.boot.test.autoconfigure.web.servlet.WebDriverTestExecutionListener, org.springframework.boot.test.autoconfigure.webservices.client.MockWebServiceServerTestExecutionListener, org.springframework.test.context.web.ServletTestExecutionListener, org.springframework.test.context.support.DirtiesContextBeforeModesTestExecutionListener, org.springframework.test.context.event.ApplicationEventsTestExecutionListener, org.springframework.test.context.support.DependencyInjectionTestExecutionListener, org.springframework.test.context.support.DirtiesContextTestExecutionListener, org.springframework.test.context.transaction.TransactionalTestExecutionListener, org.springframework.test.context.jdbc.SqlScriptsTestExecutionListener, org.springframework.test.context.event.EventPublishingTestExecutionListener]
07:09:40.891 [main] DEBUG org.springframework.boot.test.context.SpringBootTestContextBootstrapper - Skipping candidate TestExecutionListener [org.springframework.test.context.transaction.TransactionalTestExecutionListener] due to a missing dependency. Specify custom listener classes or make the default listener classes and their required dependencies available. Offending class: [org/springframework/transaction/interceptor/TransactionAttributeSource]
07:09:40.892 [main] DEBUG org.springframework.boot.test.context.SpringBootTestContextBootstrapper - Skipping candidate TestExecutionListener [org.springframework.test.context.jdbc.SqlScriptsTestExecutionListener] due to a missing dependency. Specify custom listener classes or make the default listener classes and their required dependencies available. Offending class: [org/springframework/transaction/interceptor/TransactionAttribute]
07:09:40.892 [main] INFO org.springframework.boot.test.context.SpringBootTestContextBootstrapper - Using TestExecutionListeners: [org.springframework.test.context.web.ServletTestExecutionListener@27216cd, org.springframework.test.context.support.DirtiesContextBeforeModesTestExecutionListener@558bdf1f, org.springframework.test.context.event.ApplicationEventsTestExecutionListener@8576fa0, org.springframework.boot.test.mock.mockito.MockitoTestExecutionListener@7582ff54, org.springframework.boot.test.autoconfigure.SpringBootDependencyInjectionTestExecutionListener@67545b57, org.springframework.test.context.support.DirtiesContextTestExecutionListener@6c2c1385, org.springframework.test.context.event.EventPublishingTestExecutionListener@5f354bcf, org.springframework.boot.test.mock.mockito.ResetMocksTestExecutionListener@3daf7722, org.springframework.boot.test.autoconfigure.restdocs.RestDocsTestExecutionListener@78641d23, org.springframework.boot.test.autoconfigure.web.client.MockRestServiceServerResetTestExecutionListener@74589991, org.springframework.boot.test.autoconfigure.web.servlet.MockMvcPrintOnlyOnFailureTestExecutionListener@146dfe6, org.springframework.boot.test.autoconfigure.web.servlet.WebDriverTestExecutionListener@4716be8b, org.springframework.boot.test.autoconfigure.webservices.client.MockWebServiceServerTestExecutionListener@1fc32e4f]
07:09:40.897 [main] DEBUG org.springframework.test.context.support.AbstractDirtiesContextTestExecutionListener - Before test class: context [DefaultTestContext@130e116b testClass = ProductCatalogueServiceApplicationTests, testInstance = [null], testMethod = [null], testException = [null], mergedContextConfiguration = [WebMergedContextConfiguration@e383572 testClass = ProductCatalogueServiceApplicationTests, locations = '{}', classes = '{class co.in28minutes.productcatalogueservice.ProductCatalogueServiceApplication}', contextInitializerClasses = '[]', activeProfiles = '{}', propertySourceLocations = '{}', propertySourceProperties = '{org.springframework.boot.test.context.SpringBootTestContextBootstrapper=true}', contextCustomizers = set[org.springframework.boot.test.context.filter.ExcludeFilterContextCustomizer@5ace1ed4, org.springframework.boot.test.json.DuplicateJsonObjectContextCustomizerFactory$DuplicateJsonObjectContextCustomizer@4e096385, org.springframework.boot.test.mock.mockito.MockitoContextCustomizer@0, org.springframework.boot.test.web.client.TestRestTemplateContextCustomizer@932bc4a, org.springframework.boot.test.autoconfigure.actuate.metrics.MetricsExportContextCustomizerFactory$DisableMetricExportContextCustomizer@15aab8c6, org.springframework.boot.test.autoconfigure.properties.PropertyMappingContextCustomizer@0, org.springframework.boot.test.autoconfigure.web.servlet.WebDriverContextCustomizerFactory$Customizer@581ac8a8, org.springframework.boot.test.context.SpringBootTestArgs@1, org.springframework.boot.test.context.SpringBootTestWebEnvironment@59e5ddf], resourceBasePath = 'src/main/webapp', contextLoader = 'org.springframework.boot.test.context.SpringBootContextLoader', parent = [null]], attributes = map['org.springframework.test.context.web.ServletTestExecutionListener.activateListener' -> true]], class annotated with @DirtiesContext [false] with mode [null].
07:09:41.053 [main] DEBUG org.springframework.boot.ApplicationServletEnvironment - Activating profiles []
07:09:41.055 [main] DEBUG org.springframework.test.context.support.TestPropertySourceUtils - Adding inlined properties to environment: {spring.jmx.enabled=false, org.springframework.boot.test.context.SpringBootTestContextBootstrapper=true}
07:09:41.511 [main] DEBUG org.springframework.boot.diagnostics.LoggingFailureAnalysisReporter - Application failed to start due to an exception
org.springframework.cloud.commons.ConfigDataMissingEnvironmentPostProcessor$ImportException: No spring.config.import set
	at org.springframework.cloud.commons.ConfigDataMissingEnvironmentPostProcessor.postProcessEnvironment(ConfigDataMissingEnvironmentPostProcessor.java:80)
	at org.springframework.boot.env.EnvironmentPostProcessorApplicationListener.onApplicationEnvironmentPreparedEvent(EnvironmentPostProcessorApplicationListener.java:102)
	at org.springframework.boot.env.EnvironmentPostProcessorApplicationListener.onApplicationEvent(EnvironmentPostProcessorApplicationListener.java:87)
	at org.springframework.context.event.SimpleApplicationEventMulticaster.doInvokeListener(SimpleApplicationEventMulticaster.java:176)
	at org.springframework.context.event.SimpleApplicationEventMulticaster.invokeListener(SimpleApplicationEventMulticaster.java:169)
	at org.springframework.context.event.SimpleApplicationEventMulticaster.multicastEvent(SimpleApplicationEventMulticaster.java:143)
	at org.springframework.context.event.SimpleApplicationEventMulticaster.multicastEvent(SimpleApplicationEventMulticaster.java:131)
	at org.springframework.boot.context.event.EventPublishingRunListener.environmentPrepared(EventPublishingRunListener.java:85)
	at org.springframework.boot.SpringApplicationRunListeners.lambda$environmentPrepared$2(SpringApplicationRunListeners.java:66)
	at java.base/java.util.ArrayList.forEach(ArrayList.java:1541)
	at org.springframework.boot.SpringApplicationRunListeners.doWithListeners(SpringApplicationRunListeners.java:120)
	at org.springframework.boot.SpringApplicationRunListeners.doWithListeners(SpringApplicationRunListeners.java:114)
	at org.springframework.boot.SpringApplicationRunListeners.environmentPrepared(SpringApplicationRunListeners.java:65)
	at org.springframework.boot.SpringApplication.prepareEnvironment(SpringApplication.java:338)
	at org.springframework.boot.SpringApplication.run(SpringApplication.java:296)
	at org.springframework.boot.test.context.SpringBootContextLoader.loadContext(SpringBootContextLoader.java:121)
	at org.springframework.test.context.cache.DefaultCacheAwareContextLoaderDelegate.loadContextInternal(DefaultCacheAwareContextLoaderDelegate.java:99)
	at org.springframework.test.context.cache.DefaultCacheAwareContextLoaderDelegate.loadContext(DefaultCacheAwareContextLoaderDelegate.java:124)
	at org.springframework.test.context.support.DefaultTestContext.getApplicationContext(DefaultTestContext.java:124)
	at org.springframework.test.context.web.ServletTestExecutionListener.setUpRequestContextIfNecessary(ServletTestExecutionListener.java:190)
	at org.springframework.test.context.web.ServletTestExecutionListener.prepareTestInstance(ServletTestExecutionListener.java:132)
	at org.springframework.test.context.TestContextManager.prepareTestInstance(TestContextManager.java:248)
	at org.springframework.test.context.junit.jupiter.SpringExtension.postProcessTestInstance(SpringExtension.java:138)
	at org.junit.jupiter.engine.descriptor.ClassBasedTestDescriptor.lambda$invokeTestInstancePostProcessors$8(ClassBasedTestDescriptor.java:363)
	at org.junit.jupiter.engine.descriptor.ClassBasedTestDescriptor.executeAndMaskThrowable(ClassBasedTestDescriptor.java:368)
	at org.junit.jupiter.engine.descriptor.ClassBasedTestDescriptor.lambda$invokeTestInstancePostProcessors$9(ClassBasedTestDescriptor.java:363)
	at java.base/java.util.stream.ReferencePipeline$3$1.accept(ReferencePipeline.java:195)
	at java.base/java.util.stream.ReferencePipeline$2$1.accept(ReferencePipeline.java:177)
	at java.base/java.util.ArrayList$ArrayListSpliterator.forEachRemaining(ArrayList.java:1655)
	at java.base/java.util.stream.AbstractPipeline.copyInto(AbstractPipeline.java:484)
	at java.base/java.util.stream.AbstractPipeline.wrapAndCopyInto(AbstractPipeline.java:474)
	at java.base/java.util.stream.StreamSpliterators$WrappingSpliterator.forEachRemaining(StreamSpliterators.java:312)
	at java.base/java.util.stream.Streams$ConcatSpliterator.forEachRemaining(Streams.java:735)
	at java.base/java.util.stream.Streams$ConcatSpliterator.forEachRemaining(Streams.java:734)
	at java.base/java.util.stream.ReferencePipeline$Head.forEach(ReferencePipeline.java:658)
	at org.junit.jupiter.engine.descriptor.ClassBasedTestDescriptor.invokeTestInstancePostProcessors(ClassBasedTestDescriptor.java:362)
	at org.junit.jupiter.engine.descriptor.ClassBasedTestDescriptor.lambda$instantiateAndPostProcessTestInstance$6(ClassBasedTestDescriptor.java:283)
	at org.junit.platform.engine.support.hierarchical.ThrowableCollector.execute(ThrowableCollector.java:73)
	at org.junit.jupiter.engine.descriptor.ClassBasedTestDescriptor.instantiateAndPostProcessTestInstance(ClassBasedTestDescriptor.java:282)
	at org.junit.jupiter.engine.descriptor.ClassBasedTestDescriptor.lambda$testInstancesProvider$4(ClassBasedTestDescriptor.java:272)
	at java.base/java.util.Optional.orElseGet(Optional.java:369)
	at org.junit.jupiter.engine.descriptor.ClassBasedTestDescriptor.lambda$testInstancesProvider$5(ClassBasedTestDescriptor.java:271)
	at org.junit.jupiter.engine.execution.TestInstancesProvider.getTestInstances(TestInstancesProvider.java:31)
	at org.junit.jupiter.engine.descriptor.TestMethodTestDescriptor.lambda$prepare$0(TestMethodTestDescriptor.java:102)
	at org.junit.platform.engine.support.hierarchical.ThrowableCollector.execute(ThrowableCollector.java:73)
	at org.junit.jupiter.engine.descriptor.TestMethodTestDescriptor.prepare(TestMethodTestDescriptor.java:101)
	at org.junit.jupiter.engine.descriptor.TestMethodTestDescriptor.prepare(TestMethodTestDescriptor.java:66)
	at org.junit.platform.engine.support.hierarchical.NodeTestTask.lambda$prepare$2(NodeTestTask.java:123)
	at org.junit.platform.engine.support.hierarchical.ThrowableCollector.execute(ThrowableCollector.java:73)
	at org.junit.platform.engine.support.hierarchical.NodeTestTask.prepare(NodeTestTask.java:123)
	at org.junit.platform.engine.support.hierarchical.NodeTestTask.execute(NodeTestTask.java:90)
	at java.base/java.util.ArrayList.forEach(ArrayList.java:1541)
	at org.junit.platform.engine.support.hierarchical.SameThreadHierarchicalTestExecutorService.invokeAll(SameThreadHierarchicalTestExecutorService.java:41)
	at org.junit.platform.engine.support.hierarchical.NodeTestTask.lambda$executeRecursively$6(NodeTestTask.java:155)
	at org.junit.platform.engine.support.hierarchical.ThrowableCollector.execute(ThrowableCollector.java:73)
	at org.junit.platform.engine.support.hierarchical.NodeTestTask.lambda$executeRecursively$8(NodeTestTask.java:141)
	at org.junit.platform.engine.support.hierarchical.Node.around(Node.java:137)
	at org.junit.platform.engine.support.hierarchical.NodeTestTask.lambda$executeRecursively$9(NodeTestTask.java:139)
	at org.junit.platform.engine.support.hierarchical.ThrowableCollector.execute(ThrowableCollector.java:73)
	at org.junit.platform.engine.support.hierarchical.NodeTestTask.executeRecursively(NodeTestTask.java:138)
	at org.junit.platform.engine.support.hierarchical.NodeTestTask.execute(NodeTestTask.java:95)
	at java.base/java.util.ArrayList.forEach(ArrayList.java:1541)
	at org.junit.platform.engine.support.hierarchical.SameThreadHierarchicalTestExecutorService.invokeAll(SameThreadHierarchicalTestExecutorService.java:41)
	at org.junit.platform.engine.support.hierarchical.NodeTestTask.lambda$executeRecursively$6(NodeTestTask.java:155)
	at org.junit.platform.engine.support.hierarchical.ThrowableCollector.execute(ThrowableCollector.java:73)
	at org.junit.platform.engine.support.hierarchical.NodeTestTask.lambda$executeRecursively$8(NodeTestTask.java:141)
	at org.junit.platform.engine.support.hierarchical.Node.around(Node.java:137)
	at org.junit.platform.engine.support.hierarchical.NodeTestTask.lambda$executeRecursively$9(NodeTestTask.java:139)
	at org.junit.platform.engine.support.hierarchical.ThrowableCollector.execute(ThrowableCollector.java:73)
	at org.junit.platform.engine.support.hierarchical.NodeTestTask.executeRecursively(NodeTestTask.java:138)
	at org.junit.platform.engine.support.hierarchical.NodeTestTask.execute(NodeTestTask.java:95)
	at org.junit.platform.engine.support.hierarchical.SameThreadHierarchicalTestExecutorService.submit(SameThreadHierarchicalTestExecutorService.java:35)
	at org.junit.platform.engine.support.hierarchical.HierarchicalTestExecutor.execute(HierarchicalTestExecutor.java:57)
	at org.junit.platform.engine.support.hierarchical.HierarchicalTestEngine.execute(HierarchicalTestEngine.java:54)
	at org.junit.platform.launcher.core.DefaultLauncher.execute(DefaultLauncher.java:220)
	at org.junit.platform.launcher.core.DefaultLauncher.lambda$execute$6(DefaultLauncher.java:188)
	at org.junit.platform.launcher.core.DefaultLauncher.withInterceptedStreams(DefaultLauncher.java:202)
	at org.junit.platform.launcher.core.DefaultLauncher.execute(DefaultLauncher.java:181)
	at org.junit.platform.launcher.core.DefaultLauncher.execute(DefaultLauncher.java:128)
	at org.apache.maven.surefire.junitplatform.JUnitPlatformProvider.invokeAllTests(JUnitPlatformProvider.java:150)
	at org.apache.maven.surefire.junitplatform.JUnitPlatformProvider.invoke(JUnitPlatformProvider.java:124)
	at org.apache.maven.surefire.booter.ForkedBooter.invokeProviderInSameClassLoader(ForkedBooter.java:384)
	at org.apache.maven.surefire.booter.ForkedBooter.runSuitesInProcess(ForkedBooter.java:345)
	at org.apache.maven.surefire.booter.ForkedBooter.execute(ForkedBooter.java:126)
	at org.apache.maven.surefire.booter.ForkedBooter.main(ForkedBooter.java:418)
07:09:41.512 [main] ERROR org.springframework.boot.diagnostics.LoggingFailureAnalysisReporter - 

***************************
APPLICATION FAILED TO START
***************************

Description:

No spring.config.import property has been defined

Action:

Add a spring.config.import=configserver: property to your configuration.
	If configuration is not required add spring.config.import=optional:configserver: instead.
	To disable this check, set spring.cloud.config.enabled=false or 
	spring.cloud.config.import-check.enabled=false.

07:09:41.515 [main] ERROR org.springframework.test.context.TestContextManager - Caught exception while allowing TestExecutionListener [org.springframework.test.context.web.ServletTestExecutionListener@27216cd] to prepare test instance [co.in28minutes.productcatalogueservice.ProductCatalogueServiceApplicationTests@3d8bbcdc]
java.lang.IllegalStateException: Failed to load ApplicationContext
	at org.springframework.test.context.cache.DefaultCacheAwareContextLoaderDelegate.loadContext(DefaultCacheAwareContextLoaderDelegate.java:132)
	at org.springframework.test.context.support.DefaultTestContext.getApplicationContext(DefaultTestContext.java:124)
	at org.springframework.test.context.web.ServletTestExecutionListener.setUpRequestContextIfNecessary(ServletTestExecutionListener.java:190)
	at org.springframework.test.context.web.ServletTestExecutionListener.prepareTestInstance(ServletTestExecutionListener.java:132)
	at org.springframework.test.context.TestContextManager.prepareTestInstance(TestContextManager.java:248)
	at org.springframework.test.context.junit.jupiter.SpringExtension.postProcessTestInstance(SpringExtension.java:138)
	at org.junit.jupiter.engine.descriptor.ClassBasedTestDescriptor.lambda$invokeTestInstancePostProcessors$8(ClassBasedTestDescriptor.java:363)
	at org.junit.jupiter.engine.descriptor.ClassBasedTestDescriptor.executeAndMaskThrowable(ClassBasedTestDescriptor.java:368)
	at org.junit.jupiter.engine.descriptor.ClassBasedTestDescriptor.lambda$invokeTestInstancePostProcessors$9(ClassBasedTestDescriptor.java:363)
	at java.base/java.util.stream.ReferencePipeline$3$1.accept(ReferencePipeline.java:195)
	at java.base/java.util.stream.ReferencePipeline$2$1.accept(ReferencePipeline.java:177)
	at java.base/java.util.ArrayList$ArrayListSpliterator.forEachRemaining(ArrayList.java:1655)
	at java.base/java.util.stream.AbstractPipeline.copyInto(AbstractPipeline.java:484)
	at java.base/java.util.stream.AbstractPipeline.wrapAndCopyInto(AbstractPipeline.java:474)
	at java.base/java.util.stream.StreamSpliterators$WrappingSpliterator.forEachRemaining(StreamSpliterators.java:312)
	at java.base/java.util.stream.Streams$ConcatSpliterator.forEachRemaining(Streams.java:735)
	at java.base/java.util.stream.Streams$ConcatSpliterator.forEachRemaining(Streams.java:734)
	at java.base/java.util.stream.ReferencePipeline$Head.forEach(ReferencePipeline.java:658)
	at org.junit.jupiter.engine.descriptor.ClassBasedTestDescriptor.invokeTestInstancePostProcessors(ClassBasedTestDescriptor.java:362)
	at org.junit.jupiter.engine.descriptor.ClassBasedTestDescriptor.lambda$instantiateAndPostProcessTestInstance$6(ClassBasedTestDescriptor.java:283)
	at org.junit.platform.engine.support.hierarchical.ThrowableCollector.execute(ThrowableCollector.java:73)
	at org.junit.jupiter.engine.descriptor.ClassBasedTestDescriptor.instantiateAndPostProcessTestInstance(ClassBasedTestDescriptor.java:282)
	at org.junit.jupiter.engine.descriptor.ClassBasedTestDescriptor.lambda$testInstancesProvider$4(ClassBasedTestDescriptor.java:272)
	at java.base/java.util.Optional.orElseGet(Optional.java:369)
	at org.junit.jupiter.engine.descriptor.ClassBasedTestDescriptor.lambda$testInstancesProvider$5(ClassBasedTestDescriptor.java:271)
	at org.junit.jupiter.engine.execution.TestInstancesProvider.getTestInstances(TestInstancesProvider.java:31)
	at org.junit.jupiter.engine.descriptor.TestMethodTestDescriptor.lambda$prepare$0(TestMethodTestDescriptor.java:102)
	at org.junit.platform.engine.support.hierarchical.ThrowableCollector.execute(ThrowableCollector.java:73)
	at org.junit.jupiter.engine.descriptor.TestMethodTestDescriptor.prepare(TestMethodTestDescriptor.java:101)
	at org.junit.jupiter.engine.descriptor.TestMethodTestDescriptor.prepare(TestMethodTestDescriptor.java:66)
	at org.junit.platform.engine.support.hierarchical.NodeTestTask.lambda$prepare$2(NodeTestTask.java:123)
	at org.junit.platform.engine.support.hierarchical.ThrowableCollector.execute(ThrowableCollector.java:73)
	at org.junit.platform.engine.support.hierarchical.NodeTestTask.prepare(NodeTestTask.java:123)
	at org.junit.platform.engine.support.hierarchical.NodeTestTask.execute(NodeTestTask.java:90)
	at java.base/java.util.ArrayList.forEach(ArrayList.java:1541)
	at org.junit.platform.engine.support.hierarchical.SameThreadHierarchicalTestExecutorService.invokeAll(SameThreadHierarchicalTestExecutorService.java:41)
	at org.junit.platform.engine.support.hierarchical.NodeTestTask.lambda$executeRecursively$6(NodeTestTask.java:155)
	at org.junit.platform.engine.support.hierarchical.ThrowableCollector.execute(ThrowableCollector.java:73)
	at org.junit.platform.engine.support.hierarchical.NodeTestTask.lambda$executeRecursively$8(NodeTestTask.java:141)
	at org.junit.platform.engine.support.hierarchical.Node.around(Node.java:137)
	at org.junit.platform.engine.support.hierarchical.NodeTestTask.lambda$executeRecursively$9(NodeTestTask.java:139)
	at org.junit.platform.engine.support.hierarchical.ThrowableCollector.execute(ThrowableCollector.java:73)
	at org.junit.platform.engine.support.hierarchical.NodeTestTask.executeRecursively(NodeTestTask.java:138)
	at org.junit.platform.engine.support.hierarchical.NodeTestTask.execute(NodeTestTask.java:95)
	at java.base/java.util.ArrayList.forEach(ArrayList.java:1541)
	at org.junit.platform.engine.support.hierarchical.SameThreadHierarchicalTestExecutorService.invokeAll(SameThreadHierarchicalTestExecutorService.java:41)
	at org.junit.platform.engine.support.hierarchical.NodeTestTask.lambda$executeRecursively$6(NodeTestTask.java:155)
	at org.junit.platform.engine.support.hierarchical.ThrowableCollector.execute(ThrowableCollector.java:73)
	at org.junit.platform.engine.support.hierarchical.NodeTestTask.lambda$executeRecursively$8(NodeTestTask.java:141)
	at org.junit.platform.engine.support.hierarchical.Node.around(Node.java:137)
	at org.junit.platform.engine.support.hierarchical.NodeTestTask.lambda$executeRecursively$9(NodeTestTask.java:139)
	at org.junit.platform.engine.support.hierarchical.ThrowableCollector.execute(ThrowableCollector.java:73)
	at org.junit.platform.engine.support.hierarchical.NodeTestTask.executeRecursively(NodeTestTask.java:138)
	at org.junit.platform.engine.support.hierarchical.NodeTestTask.execute(NodeTestTask.java:95)
	at org.junit.platform.engine.support.hierarchical.SameThreadHierarchicalTestExecutorService.submit(SameThreadHierarchicalTestExecutorService.java:35)
	at org.junit.platform.engine.support.hierarchical.HierarchicalTestExecutor.execute(HierarchicalTestExecutor.java:57)
	at org.junit.platform.engine.support.hierarchical.HierarchicalTestEngine.execute(HierarchicalTestEngine.java:54)
	at org.junit.platform.launcher.core.DefaultLauncher.execute(DefaultLauncher.java:220)
	at org.junit.platform.launcher.core.DefaultLauncher.lambda$execute$6(DefaultLauncher.java:188)
	at org.junit.platform.launcher.core.DefaultLauncher.withInterceptedStreams(DefaultLauncher.java:202)
	at org.junit.platform.launcher.core.DefaultLauncher.execute(DefaultLauncher.java:181)
	at org.junit.platform.launcher.core.DefaultLauncher.execute(DefaultLauncher.java:128)
	at org.apache.maven.surefire.junitplatform.JUnitPlatformProvider.invokeAllTests(JUnitPlatformProvider.java:150)
	at org.apache.maven.surefire.junitplatform.JUnitPlatformProvider.invoke(JUnitPlatformProvider.java:124)
	at org.apache.maven.surefire.booter.ForkedBooter.invokeProviderInSameClassLoader(ForkedBooter.java:384)
	at org.apache.maven.surefire.booter.ForkedBooter.runSuitesInProcess(ForkedBooter.java:345)
	at org.apache.maven.surefire.booter.ForkedBooter.execute(ForkedBooter.java:126)
	at org.apache.maven.surefire.booter.ForkedBooter.main(ForkedBooter.java:418)
Caused by: org.springframework.cloud.commons.ConfigDataMissingEnvironmentPostProcessor$ImportException: No spring.config.import set
	at org.springframework.cloud.commons.ConfigDataMissingEnvironmentPostProcessor.postProcessEnvironment(ConfigDataMissingEnvironmentPostProcessor.java:80)
	at org.springframework.boot.env.EnvironmentPostProcessorApplicationListener.onApplicationEnvironmentPreparedEvent(EnvironmentPostProcessorApplicationListener.java:102)
	at org.springframework.boot.env.EnvironmentPostProcessorApplicationListener.onApplicationEvent(EnvironmentPostProcessorApplicationListener.java:87)
	at org.springframework.context.event.SimpleApplicationEventMulticaster.doInvokeListener(SimpleApplicationEventMulticaster.java:176)
	at org.springframework.context.event.SimpleApplicationEventMulticaster.invokeListener(SimpleApplicationEventMulticaster.java:169)
	at org.springframework.context.event.SimpleApplicationEventMulticaster.multicastEvent(SimpleApplicationEventMulticaster.java:143)
	at org.springframework.context.event.SimpleApplicationEventMulticaster.multicastEvent(SimpleApplicationEventMulticaster.java:131)
	at org.springframework.boot.context.event.EventPublishingRunListener.environmentPrepared(EventPublishingRunListener.java:85)
	at org.springframework.boot.SpringApplicationRunListeners.lambda$environmentPrepared$2(SpringApplicationRunListeners.java:66)
	at java.base/java.util.ArrayList.forEach(ArrayList.java:1541)
	at org.springframework.boot.SpringApplicationRunListeners.doWithListeners(SpringApplicationRunListeners.java:120)
	at org.springframework.boot.SpringApplicationRunListeners.doWithListeners(SpringApplicationRunListeners.java:114)
	at org.springframework.boot.SpringApplicationRunListeners.environmentPrepared(SpringApplicationRunListeners.java:65)
	at org.springframework.boot.SpringApplication.prepareEnvironment(SpringApplication.java:338)
	at org.springframework.boot.SpringApplication.run(SpringApplication.java:296)
	at org.springframework.boot.test.context.SpringBootContextLoader.loadContext(SpringBootContextLoader.java:121)
	at org.springframework.test.context.cache.DefaultCacheAwareContextLoaderDelegate.loadContextInternal(DefaultCacheAwareContextLoaderDelegate.java:99)
	at org.springframework.test.context.cache.DefaultCacheAwareContextLoaderDelegate.loadContext(DefaultCacheAwareContextLoaderDelegate.java:124)
	... 67 common frames omitted
]]></system-out>
  </testcase>
</testsuite>